android/build/outputs/logs/manifest-merger-debug-report.txt
-- Merging decision tree log ---
manifest
ADDED from JumpActionGame/android/AndroidManifest.xml:2:1-33:12
	package
		ADDED from JumpActionGame/android/AndroidManifest.xml:3:5-59
		INJECTED from JumpActionGame/android/AndroidManifest.xml
		INJECTED from JumpActionGame/android/AndroidManifest.xml
	android:versionName
		INJECTED from JumpActionGame/android/AndroidManifest.xml
		INJECTED from JumpActionGame/android/AndroidManifest.xml
	xmlns:android
		ADDED from JumpActionGame/android/AndroidManifest.xml:2:11-69
	android:versionCode
		INJECTED from JumpActionGame/android/AndroidManifest.xml
		INJECTED from JumpActionGame/android/AndroidManifest.xml
uses-sdk
ADDED from JumpActionGame/android/AndroidManifest.xml:5:5-73
MERGED from [com.google.android.gms:play-services:6.5.87] AndroidManifest.xml:18:5-42
MERGED from [com.android.support:support-v4:21.0.0] AndroidManifest.xml:15:5-42
	android:targetSdkVersion
		ADDED from JumpActionGame/android/AndroidManifest.xml:5:41-70
		INJECTED from JumpActionGame/android/AndroidManifest.xml
		INJECTED from JumpActionGame/android/AndroidManifest.xml
	android:minSdkVersion
		ADDED from JumpActionGame/android/AndroidManifest.xml:5:15-40
		INJECTED from JumpActionGame/android/AndroidManifest.xml
		INJECTED from JumpActionGame/android/AndroidManifest.xml
uses-permission#android.permission.INTERNET
ADDED from JumpActionGame/android/AndroidManifest.xml:7:5-66
	android:name
		ADDED from JumpActionGame/android/AndroidManifest.xml:7:22-64
uses-permission#android.permission.ACCESS_NETWORK_STATE
ADDED from JumpActionGame/android/AndroidManifest.xml:8:5-78
	android:name
		ADDED from JumpActionGame/android/AndroidManifest.xml:8:22-76
meta-data#com.google.android.gms.version
ADDED from JumpActionGame/android/AndroidManifest.xml:10:5-11:72
	android:value
		ADDED from JumpActionGame/android/AndroidManifest.xml:11:16-69
	android:name
		ADDED from JumpActionGame/android/AndroidManifest.xml:10:16-61
application
ADDED from JumpActionGame/android/AndroidManifest.xml:12:5-31:19
MERGED from [com.google.android.gms:play-services:6.5.87] AndroidManifest.xml:20:5-24:19
MERGED from [com.android.support:support-v4:21.0.0] AndroidManifest.xml:16:5-19
	android:label
		ADDED from JumpActionGame/android/AndroidManifest.xml:15:9-41
	android:allowBackup
		ADDED from JumpActionGame/android/AndroidManifest.xml:13:9-35
	android:icon
		ADDED from JumpActionGame/android/AndroidManifest.xml:14:9-45
	android:theme
		ADDED from JumpActionGame/android/AndroidManifest.xml:16:9-40
activity#jp.techacademy.daiki.sakauchi.jumpactiongame.AndroidLauncher
ADDED from JumpActionGame/android/AndroidManifest.xml:17:9-26:20
	android:screenOrientation
		ADDED from JumpActionGame/android/AndroidManifest.xml:20:13-49
	android:label
		ADDED from JumpActionGame/android/AndroidManifest.xml:19:13-45
	android:configChanges
		ADDED from JumpActionGame/android/AndroidManifest.xml:21:13-94
	android:name
		ADDED from JumpActionGame/android/AndroidManifest.xml:18:13-88
intent-filter#android.intent.action.MAIN+android.intent.category.LAUNCHER
ADDED from JumpActionGame/android/AndroidManifest.xml:22:13-25:29
action#android.intent.action.MAIN
ADDED from JumpActionGame/android/AndroidManifest.xml:23:17-69
	android:name
		ADDED from JumpActionGame/android/AndroidManifest.xml:23:25-66
category#android.intent.category.LAUNCHER
ADDED from JumpActionGame/android/AndroidManifest.xml:24:17-77
	android:name
		ADDED from JumpActionGame/android/AndroidManifest.xml:24:27-74
activity#com.google.android.gms.ads.AdActivity
ADDED from JumpActionGame/android/AndroidManifest.xml:28:9-30:70
	android:configChanges
		ADDED from JumpActionGame/android/AndroidManifest.xml:29:19-128
	android:theme
		ADDED from JumpActionGame/android/AndroidManifest.xml:30:19-67
	android:name
		ADDED from JumpActionGame/android/AndroidManifest.xml:28:19-71